<?xml version="1.0" encoding="UTF-8"?>
<!-- Generated by org.testng.reporters.JUnitReportReporter -->
<testsuite hostname="Deepu-PC" failures="0" tests="3" name="com.testscripts.CreateAccountTestCase" time="39.488" errors="0" timestamp="2022-11-07T06:05:54 EST" skipped="0">
  <testcase classname="com.testscripts.CreateAccountTestCase" name="registerTestCase" time="13.050"/>
  <system-out/>
  <testcase classname="com.testscripts.CreateAccountTestCase" name="registerTestCase" time="13.047"/>
  <system-out/>
  <testcase classname="com.testscripts.CreateAccountTestCase" name="registerTestCase" time="13.391"/>
  <system-out/>
</testsuite> <!-- com.testscripts.CreateAccountTestCase -->
